-- The C compiler identification is GNU 11.4.0
-- The CXX compiler identification is GNU 11.4.0
-- Detecting C compiler ABI info
-- Detecting C compiler ABI info - done
-- Check for working C compiler: /usr/bin/cc - skipped
-- Detecting C compile features
-- Detecting C compile features - done
-- Detecting CXX compiler ABI info
-- Detecting CXX compiler ABI info - done
-- Check for working CXX compiler: /usr/bin/c++ - skipped
-- Detecting CXX compile features
-- Detecting CXX compile features - done
-- Found ament_cmake: 1.3.11 (/opt/ros/humble/share/ament_cmake/cmake)
-- Found Python3: /usr/bin/python3 (found version "3.10.12") found components: Interpreter 
-- Found rclcpp: 16.0.12 (/opt/ros/humble/share/rclcpp/cmake)
-- Found rosidl_generator_c: 3.1.6 (/opt/ros/humble/share/rosidl_generator_c/cmake)
-- Found rosidl_adapter: 3.1.6 (/opt/ros/humble/share/rosidl_adapter/cmake)
-- Found rosidl_generator_cpp: 3.1.6 (/opt/ros/humble/share/rosidl_generator_cpp/cmake)
-- Using all available rosidl_typesupport_c: rosidl_typesupport_fastrtps_c;rosidl_typesupport_introspection_c
-- Using all available rosidl_typesupport_cpp: rosidl_typesupport_fastrtps_cpp;rosidl_typesupport_introspection_cpp
-- Found rmw_implementation_cmake: 6.1.2 (/opt/ros/humble/share/rmw_implementation_cmake/cmake)
-- Found rmw_fastrtps_cpp: 6.2.7 (/opt/ros/humble/share/rmw_fastrtps_cpp/cmake)
-- Found OpenSSL: /usr/lib/x86_64-linux-gnu/libcrypto.so (found version "3.0.2")  
-- Found FastRTPS: /opt/ros/humble/include  
-- Using RMW implementation 'rmw_fastrtps_cpp' as default
-- Looking for pthread.h
-- Looking for pthread.h - found
-- Performing Test CMAKE_HAVE_LIBC_PTHREAD
-- Performing Test CMAKE_HAVE_LIBC_PTHREAD - Success
-- Found Threads: TRUE  
-- Found sensor_msgs: 4.9.1 (/opt/ros/humble/share/sensor_msgs/cmake)
-- Found cv_bridge: 3.2.1 (/opt/ros/humble/share/cv_bridge/cmake)
-- Found CUDA: /usr/local/cuda-12.2 (found suitable exact version "12.2") 
-- Found image_transport: 3.1.11 (/opt/ros/humble/share/image_transport/cmake)
-- Found tf2_ros: 0.25.16 (/opt/ros/humble/share/tf2_ros/cmake)
-- Found nav_msgs: 4.8.0 (/opt/ros/humble/share/nav_msgs/cmake)
-- Found visualization_msgs: 4.8.0 (/opt/ros/humble/share/visualization_msgs/cmake)
-- Found OpenCV: /usr/local (found version "4.8.0") 
-- Found CXSparse: /usr/include/suitesparse (found suitable version "3.2.0", minimum required is "3.2.0") 
-- Found AMD headers in: /usr/include/suitesparse
-- Found AMD library: /usr/lib/x86_64-linux-gnu/libamd.so
-- Found CAMD headers in: /usr/include/suitesparse
-- Found CAMD library: /usr/lib/x86_64-linux-gnu/libcamd.so
-- Found CCOLAMD headers in: /usr/include/suitesparse
-- Found CCOLAMD library: /usr/lib/x86_64-linux-gnu/libccolamd.so
-- Found CHOLMOD headers in: /usr/include/suitesparse
-- Found CHOLMOD library: /usr/lib/x86_64-linux-gnu/libcholmod.so
-- Found COLAMD headers in: /usr/include/suitesparse
-- Found COLAMD library: /usr/lib/x86_64-linux-gnu/libcolamd.so
-- Found SPQR headers in: /usr/include/suitesparse
-- Found SPQR library: /usr/lib/x86_64-linux-gnu/libspqr.so
-- Found Config headers in: /usr/include/suitesparse
-- Found Config library: /usr/lib/x86_64-linux-gnu/libsuitesparseconfig.so
-- Found Intel Thread Building Blocks (TBB) library (2021.5 / ) include location: . Assuming SuiteSparseQR was compiled with TBB.
-- Looking for shm_open in rt
-- Looking for shm_open in rt - found
-- Adding librt to SuiteSparse_config libraries (required on Linux & Unix [not OSX] if SuiteSparse is compiled with timing).
-- Could NOT find METIS (missing: METIS_INCLUDE_DIR METIS_LIBRARY) 
-- Found SuiteSparse: /usr/include/suitesparse (found suitable version "5.10.1", minimum required is "5.10.1") found components: AMD CAMD CCOLAMD CHOLMOD COLAMD SPQR Config 
-- Found required Ceres dependency: Eigen version 3.4.0 in /usr/share/eigen3/cmake
-- Found required Ceres dependency: glog
-- Found required Ceres dependency: gflags
-- Found Ceres version: 2.1.0 installed in: /usr/local with components: [EigenSparse, SparseLinearAlgebraLibrary, LAPACK, SuiteSparse, CXSparse, SchurSpecializations, Multithreading]
-- Configuring done
-- Generating done
-- Build files have been written to: /home/ubuntu/workspaces/2DLIW_ws/src/2DLIW-SLAM/build/lvio_2d
[ 58%] [32mBuilding CXX object CMakeFiles/utilies.dir/src/utilies/params.cpp.o[0m
[ 58%] [32mBuilding CXX object CMakeFiles/trajectory.dir/src/trajectory/laser_manager.cpp.o[0m
[ 58%] [32mBuilding CXX object CMakeFiles/utilies.dir/src/utilies/visualization.cpp.o[0m
[ 58%] [32mBuilding CXX object CMakeFiles/utilies.dir/src/utilies/common.cpp.o[0m
[ 58%] [32mBuilding CXX object CMakeFiles/trajectory.dir/src/trajectory/camera_manager.cpp.o[0m
[ 58%] [32mBuilding CXX object CMakeFiles/trajectory.dir/src/trajectory/trajectory.cpp.o[0m
[ 58%] [32mBuilding CXX object CMakeFiles/trajectory.dir/src/trajectory/keyframe_manager.cpp.o[0m
[ 66%] [32mBuilding CXX object CMakeFiles/trajectory.dir/src/factor/solver.cpp.o[0m
[ 75%] [32m[1mLinking CXX shared library libutilies.so[0m
[ 75%] Built target utilies
[ 83%] [32m[1mLinking CXX shared library libtrajectory.so[0m
[ 83%] Built target trajectory
[ 91%] [32mBuilding CXX object CMakeFiles/lvio_2d_node.dir/src/lvio_2d_node.cpp.o[0m
[100%] [32m[1mLinking CXX executable lvio_2d_node[0m
[100%] Built target lvio_2d_node
-- Install configuration: ""
-- Installing: /home/ubuntu/workspaces/2DLIW_ws/src/2DLIW-SLAM/install/lvio_2d/lib/lvio_2d/lvio_2d_node
-- Set runtime path of "/home/ubuntu/workspaces/2DLIW_ws/src/2DLIW-SLAM/install/lvio_2d/lib/lvio_2d/lvio_2d_node" to ""
-- Installing: /home/ubuntu/workspaces/2DLIW_ws/src/2DLIW-SLAM/install/lvio_2d/lib/lvio_2d/libutilies.so
-- Set runtime path of "/home/ubuntu/workspaces/2DLIW_ws/src/2DLIW-SLAM/install/lvio_2d/lib/lvio_2d/libutilies.so" to ""
-- Installing: /home/ubuntu/workspaces/2DLIW_ws/src/2DLIW-SLAM/install/lvio_2d/lib/lvio_2d/libtrajectory.so
-- Set runtime path of "/home/ubuntu/workspaces/2DLIW_ws/src/2DLIW-SLAM/install/lvio_2d/lib/lvio_2d/libtrajectory.so" to ""
-- Installing: /home/ubuntu/workspaces/2DLIW_ws/src/2DLIW-SLAM/install/lvio_2d/share/lvio_2d/launch
-- Installing: /home/ubuntu/workspaces/2DLIW_ws/src/2DLIW-SLAM/install/lvio_2d/share/lvio_2d/launch/lvio_2d.launch.py
-- Installing: /home/ubuntu/workspaces/2DLIW_ws/src/2DLIW-SLAM/install/lvio_2d/share/lvio_2d/launch/lvio_2d_office.launch
-- Installing: /home/ubuntu/workspaces/2DLIW_ws/src/2DLIW-SLAM/install/lvio_2d/share/lvio_2d/launch/lvio_2d_market.launch
-- Installing: /home/ubuntu/workspaces/2DLIW_ws/src/2DLIW-SLAM/install/lvio_2d/share/lvio_2d/launch/lvio_2d.launch
-- Installing: /home/ubuntu/workspaces/2DLIW_ws/src/2DLIW-SLAM/install/lvio_2d/share/lvio_2d/launch/lvio_2d_cafe.launch
-- Installing: /home/ubuntu/workspaces/2DLIW_ws/src/2DLIW-SLAM/install/lvio_2d/share/lvio_2d/launch/lvio_2d_corridor.launch
-- Installing: /home/ubuntu/workspaces/2DLIW_ws/src/2DLIW-SLAM/install/lvio_2d/share/lvio_2d/launch/display.rviz
-- Installing: /home/ubuntu/workspaces/2DLIW_ws/src/2DLIW-SLAM/install/lvio_2d/share/lvio_2d/config
-- Installing: /home/ubuntu/workspaces/2DLIW_ws/src/2DLIW-SLAM/install/lvio_2d/share/lvio_2d/config/office.yaml
-- Installing: /home/ubuntu/workspaces/2DLIW_ws/src/2DLIW-SLAM/install/lvio_2d/share/lvio_2d/config/cafe.yaml
-- Installing: /home/ubuntu/workspaces/2DLIW_ws/src/2DLIW-SLAM/install/lvio_2d/share/lvio_2d/config/corridor.yaml
-- Installing: /home/ubuntu/workspaces/2DLIW_ws/src/2DLIW-SLAM/install/lvio_2d/share/lvio_2d/config/params.yaml
-- Installing: /home/ubuntu/workspaces/2DLIW_ws/src/2DLIW-SLAM/install/lvio_2d/share/lvio_2d/config/ros2_params.yaml
-- Installing: /home/ubuntu/workspaces/2DLIW_ws/src/2DLIW-SLAM/install/lvio_2d/share/ament_index/resource_index/package_run_dependencies/lvio_2d
-- Installing: /home/ubuntu/workspaces/2DLIW_ws/src/2DLIW-SLAM/install/lvio_2d/share/ament_index/resource_index/parent_prefix_path/lvio_2d
-- Installing: /home/ubuntu/workspaces/2DLIW_ws/src/2DLIW-SLAM/install/lvio_2d/share/lvio_2d/environment/ament_prefix_path.sh
-- Installing: /home/ubuntu/workspaces/2DLIW_ws/src/2DLIW-SLAM/install/lvio_2d/share/lvio_2d/environment/ament_prefix_path.dsv
-- Installing: /home/ubuntu/workspaces/2DLIW_ws/src/2DLIW-SLAM/install/lvio_2d/share/lvio_2d/environment/path.sh
-- Installing: /home/ubuntu/workspaces/2DLIW_ws/src/2DLIW-SLAM/install/lvio_2d/share/lvio_2d/environment/path.dsv
-- Installing: /home/ubuntu/workspaces/2DLIW_ws/src/2DLIW-SLAM/install/lvio_2d/share/lvio_2d/local_setup.bash
-- Installing: /home/ubuntu/workspaces/2DLIW_ws/src/2DLIW-SLAM/install/lvio_2d/share/lvio_2d/local_setup.sh
-- Installing: /home/ubuntu/workspaces/2DLIW_ws/src/2DLIW-SLAM/install/lvio_2d/share/lvio_2d/local_setup.zsh
-- Installing: /home/ubuntu/workspaces/2DLIW_ws/src/2DLIW-SLAM/install/lvio_2d/share/lvio_2d/local_setup.dsv
-- Installing: /home/ubuntu/workspaces/2DLIW_ws/src/2DLIW-SLAM/install/lvio_2d/share/lvio_2d/package.dsv
-- Installing: /home/ubuntu/workspaces/2DLIW_ws/src/2DLIW-SLAM/install/lvio_2d/share/ament_index/resource_index/packages/lvio_2d
-- Installing: /home/ubuntu/workspaces/2DLIW_ws/src/2DLIW-SLAM/install/lvio_2d/share/lvio_2d/cmake/lvio_2dConfig.cmake
-- Installing: /home/ubuntu/workspaces/2DLIW_ws/src/2DLIW-SLAM/install/lvio_2d/share/lvio_2d/cmake/lvio_2dConfig-version.cmake
-- Installing: /home/ubuntu/workspaces/2DLIW_ws/src/2DLIW-SLAM/install/lvio_2d/share/lvio_2d/package.xml
